[therocketcad.com/index.html]
[backblue.gif]
[fade.gif]
[index.html]
[dhtiece9044ep.cloudfront.net/package/early_js/dd268d133928160ce0477aa496e40e77dc989e7bf0f4dba4f88bcf7132d53b15/xfalse/early.js]
[therocketcad.com/GET]
[d1muf25xaso8hp.cloudfront.net/https_/s3.amazonaws.com/appforest_uf/f1607398421758x310319832057080600/rocketfav8078.png]
[s3.amazonaws.com/appforest_uf/f1600740001427x664342470266162400/newfav.png]
[s3.amazonaws.com/appforest_uf/f1600740007223x457916876591996740/newfav.png]
[s3.amazonaws.com/appforest_uf/f1600740009756x926692865096240500/newfav.png]
[d1muf25xaso8hp.cloudfront.net/https_/s3.amazonaws.com/appforest_uf/f1600739997219x358740466022938750/newfav72b2.png]
[dhtiece9044ep.cloudfront.net/package/run_css/cc8912c6fd8944d8c57ee29c1c3750842477752b17993aeea6c385a951c62095/summer-edition/live/index/xfalse/xfalse/run.css]
[dhtiece9044ep.cloudfront.net/package/run_js/03d08301e83cdda2817bcd168087412d73c387cae3a5f8908825bccd022bd5ce/xtrue/x11/run.js]
[dhtiece9044ep.cloudfront.net/package/static_js/416fd4c780b8e05668a89cc98b1066cb3ec8ac1d4516172a97a46aae94cb8981/summer-edition/live/index/xnull/xfalse/xfalse/xtrue/static.js]
[dhtiece9044ep.cloudfront.net/package/dynamic_js/b17264500426e5ba574a0f6e5df8e7ebe01db7ae13d3282aa971a027cb1e21bc/summer-edition/live/index/xnull/xfalse/xtrue/en_us/xfalse/xfalse/dynamic.js]
[dd7tel2830j4w.cloudfront.net/f1618227041113x740068462949819800/clipboard.min.js]
[cdnjs.cloudflare.com/ajax/libs/mousetrap/1.6.1/mousetrap.min.js]
[cdnjs.cloudflare.com/ajax/libs/mousetrap/1.6.1/plugins/global-bind/mousetrap-global-bind.min.js]
[cdnjs.cloudflare.com/ajax/libs/mousetrap/1.6.1/plugins/pause/mousetrap-pause.min.js]
[dd7tel2830j4w.cloudfront.net/f1524852433168x992834718199446800/countUp.js]
[therocketcad.com/POST]
[therocketcad.com/index.html]
[therocketcad.com/GET.html]
[dhtiece9044ep.cloudfront.net/package/run_css/cc8912c6fd8944d8c57ee29c1c3750842477752b17993aeea6c385a951c62095/summer-edition/live/index/xfalse/xfalse/run.css]
[dd7tel2830j4w.cloudfront.net/f1515787244548x896531696431338800/jquery.toast.min.css]
[dd7tel2830j4w.cloudfront.net/f1515787259500x424569011898711300/jquery.toast.min.js]
[therocketcad.com/POST.html]
